<?xml version="1.0" encoding="UTF-8"?>
<!-- Generated by org.testng.reporters.JUnitReportReporter -->
<testsuite skipped="0" hostname="USER-20170325PU" name="study.BaiDuSelect" tests="1" failures="0" timestamp="19 五月 2019 07:22:29 GMT" time="8.377" errors="0">
  <testcase name="baiduyesy" time="8.377" classname="study.BaiDuSelect"/>
</testsuite> <!-- study.BaiDuSelect -->
