<?xml version="1.0" encoding="UTF-8"?>
<!-- Generated by org.testng.reporters.JUnitReportReporter -->
<testsuite skipped="0" hostname="USER-20170325PU" name="study.ShujuLogin" tests="1" failures="0" timestamp="19 五月 2019 11:37:16 GMT" time="20.717" errors="0">
  <testcase name="test" time="20.717" classname="study.ShujuLogin"/>
</testsuite> <!-- study.ShujuLogin -->
